2023.03.23 07:29:04 INFO  Started: Metals version 0.11.11 in workspace 'D:\Charly\HTWG\Sem8\SE\project' for client Visual Studio Code 1.76.2.
SLF4J: No SLF4J providers were found.
SLF4J: Defaulting to no-operation (NOP) logger implementation
SLF4J: See https://www.slf4j.org/codes.html#noProviders for further details.
SLF4J: Class path contains SLF4J bindings targeting slf4j-api versions 1.7.x or earlier.
SLF4J: Ignoring binding found at [jar:file:/C:/Users/Sarah/AppData/Local/Coursier/cache/v1/https/repo1.maven.org/maven2/com/outr/scribe-slf4j_2.13/3.11.0/scribe-slf4j_2.13-3.11.0.jar!/org/slf4j/impl/StaticLoggerBinder.class]
SLF4J: See https://www.slf4j.org/codes.html#ignoredBindings for an explanation.
2023.03.23 07:29:06 INFO  time: initialize in 1.11s
Mär 23, 2023 7:29:07 AM org.eclipse.lsp4j.jsonrpc.RemoteEndpoint handleCancellation
WARNUNG: Unmatched cancel notification for request id 1
2023.03.23 07:29:07 WARN  Build server is not auto-connectable.
2023.03.23 07:29:07 WARN  no build tool detected in workspace 'D:\Charly\HTWG\Sem8\SE\project'. The most common cause for this problem is that the editor was opened in the wrong working directory, for example if you use sbt then the workspace directory should contain build.sbt. 
2023.03.23 07:29:07 WARN  no build target for: D:\Charly\HTWG\Sem8\SE\project\game\src\main\scala\Main.scala
2023.03.23 07:29:07 WARN  no build target for: D:\Charly\HTWG\Sem8\SE\project\game\build.sbt
2023.03.23 07:29:07 WARN  no build target for: D:\Charly\HTWG\Sem8\SE\project\game\src\main\scala\basics.worksheet.sc
2023.03.23 07:29:15 INFO  no build target found for D:\Charly\HTWG\Sem8\SE\project\game\src\main\scala\Main.scala. Using presentation compiler with project's scala-library version: 3.2.2
2023.03.23 07:29:19 INFO  time: code lens generation in 11s
2023.03.23 07:30:15 WARN  no build target for: D:\Charly\HTWG\Sem8\SE\project\game\src\test\scala\MySuite.scala
2023.03.23 07:30:34 WARN  no build target for: D:\Charly\HTWG\Sem8\SE\project\game\src\test\scala\MySuite.scala
2023.03.23 07:35:33 WARN  no build target for: D:\Charly\HTWG\Sem8\SE\project\game\src\main\scala\Main.scala
2023.03.23 07:50:44 WARN  no build target for: D:\Charly\HTWG\Sem8\SE\project\game\src\main\scala\Main.scala
2023.03.23 07:51:24 WARN  no build target for: D:\Charly\HTWG\Sem8\SE\project\game\src\main\scala\Main.scala
2023.03.23 07:51:55 WARN  no build target for: D:\Charly\HTWG\Sem8\SE\project\game\src\main\scala\Main.scala
2023.03.23 07:56:22 WARN  no build target for: D:\Charly\HTWG\Sem8\SE\project\game\src\main\scala\Main.scala
2023.03.23 07:56:45 WARN  no build target for: D:\Charly\HTWG\Sem8\SE\project\game\src\main\scala\Main.scala
2023.03.23 08:03:01 INFO  Shutting down server
2023.03.23 08:03:01 INFO  shutting down Metals
2023.03.23 08:03:01 INFO  Exiting server
2023.03.23 10:53:22 INFO  Started: Metals version 0.11.11 in workspace 'D:\Charly\HTWG\Sem8\SE\project' for client Visual Studio Code 1.76.2.
SLF4J: No SLF4J providers were found.
SLF4J: Defaulting to no-operation (NOP) logger implementation
SLF4J: See https://www.slf4j.org/codes.html#noProviders for further details.
SLF4J: Class path contains SLF4J bindings targeting slf4j-api versions 1.7.x or earlier.
SLF4J: Ignoring binding found at [jar:file:/C:/Users/Sarah/AppData/Local/Coursier/cache/v1/https/repo1.maven.org/maven2/com/outr/scribe-slf4j_2.13/3.11.0/scribe-slf4j_2.13-3.11.0.jar!/org/slf4j/impl/StaticLoggerBinder.class]
SLF4J: See https://www.slf4j.org/codes.html#ignoredBindings for an explanation.
2023.03.23 10:53:22 INFO  time: initialize in 0.65s
2023.03.23 10:53:23 WARN  Build server is not auto-connectable.
2023.03.23 10:53:23 WARN  no build tool detected in workspace 'D:\Charly\HTWG\Sem8\SE\project'. The most common cause for this problem is that the editor was opened in the wrong working directory, for example if you use sbt then the workspace directory should contain build.sbt. 
2023.03.23 10:53:23 WARN  no build target for: D:\Charly\HTWG\Sem8\SE\project\game\build.sbt
2023.03.23 10:53:27 INFO  no build target found for D:\Charly\HTWG\Sem8\SE\project\game\build.sbt. Using presentation compiler with project's scala-library version: 3.2.2
2023.03.23 10:53:31 INFO  time: code lens generation in 7.56s
2023.03.23 13:39:53 INFO  Shutting down server
2023.03.23 13:39:53 INFO  shutting down Metals
2023.03.23 13:39:53 INFO  Exiting server
2023.04.19 11:11:19 INFO  Started: Metals version 0.11.11 in workspace 'D:\Charly\HTWG\Sem8\SE\project' for client Visual Studio Code 1.76.2.
SLF4J: No SLF4J providers were found.
SLF4J: Defaulting to no-operation (NOP) logger implementation
SLF4J: See https://www.slf4j.org/codes.html#noProviders for further details.
SLF4J: Class path contains SLF4J bindings targeting slf4j-api versions 1.7.x or earlier.
SLF4J: Ignoring binding found at [jar:file:/C:/Users/Sarah/AppData/Local/Coursier/cache/v1/https/repo1.maven.org/maven2/com/outr/scribe-slf4j_2.13/3.11.0/scribe-slf4j_2.13-3.11.0.jar!/org/slf4j/impl/StaticLoggerBinder.class]
SLF4J: See https://www.slf4j.org/codes.html#ignoredBindings for an explanation.
2023.04.19 11:11:20 INFO  time: initialize in 1.25s
2023.04.19 11:11:21 WARN  Build server is not auto-connectable.
2023.04.19 11:11:21 WARN  no build tool detected in workspace 'D:\Charly\HTWG\Sem8\SE\project'. The most common cause for this problem is that the editor was opened in the wrong working directory, for example if you use sbt then the workspace directory should contain build.sbt. 
2023.04.19 11:11:21 WARN  no build target for: D:\Charly\HTWG\Sem8\SE\project\game\build.sbt
2023.04.19 11:11:25 INFO  no build target found for D:\Charly\HTWG\Sem8\SE\project\game\build.sbt. Using presentation compiler with project's scala-library version: 3.2.2
2023.04.19 11:11:30 INFO  time: code lens generation in 9.18s
2023.04.19 11:12:57 WARN  no build target for: D:\Charly\HTWG\Sem8\SE\project\game\src\main\scala\de\htwg\se\view\Tui.scala
2023.04.19 11:13:12 WARN  no build target for: D:\Charly\HTWG\Sem8\SE\project\game\src\main\scala\de\htwg\se\model\Point.scala
2023.04.19 11:13:18 WARN  no build target for: D:\Charly\HTWG\Sem8\SE\project\game\src\main\scala\de\htwg\se\view\Tui.scala
2023.04.19 11:14:26 WARN  no build target for: D:\Charly\HTWG\Sem8\SE\project\game\src\main\scala\de\htwg\se\Main.scala
2023.04.19 11:14:48 WARN  no build target for: D:\Charly\HTWG\Sem8\SE\project\game\src\main\scala\de\htwg\se\Main.scala
2023.04.19 11:14:56 WARN  no build target for: D:\Charly\HTWG\Sem8\SE\project\game\src\test\scala\de\htwg\se\model\FieldSpec.scala
Apr 19, 2023 11:15:00 AM org.eclipse.lsp4j.jsonrpc.RemoteEndpoint handleCancellation
WARNUNG: Unmatched cancel notification for request id 138
2023.04.19 11:16:34 WARN  no build target for: D:\Charly\HTWG\Sem8\SE\project\game\build.sbt
2023.04.19 11:22:29 WARN  no build target for: D:\Charly\HTWG\Sem8\SE\project\game\src\main\scala\de\htwg\se\view\Tui.scala
2023.04.19 11:23:34 WARN  no build target for: D:\Charly\HTWG\Sem8\SE\project\game\src\main\scala\de\htwg\se\Main.scala
2023.04.19 11:26:25 WARN  no build target for: D:\Charly\HTWG\Sem8\SE\project\game\src\main\scala\de\htwg\se\controller\Mastermindgame.scala
2023.04.19 11:30:45 WARN  no build target for: D:\Charly\HTWG\Sem8\SE\project\game\src\main\scala\de\htwg\se\model\Guess.scala
2023.04.19 11:30:51 WARN  no build target for: D:\Charly\HTWG\Sem8\SE\project\game\src\main\scala\de\htwg\se\model\Guess.scala
2023.04.19 11:30:53 WARN  no build target for: D:\Charly\HTWG\Sem8\SE\project\game\src\main\scala\de\htwg\se\view\Tui.scala
2023.04.19 11:30:56 WARN  no build target for: D:\Charly\HTWG\Sem8\SE\project\game\src\main\scala\de\htwg\se\controller\MastermindGame.scala
2023.04.19 11:31:17 WARN  no build target for: D:\Charly\HTWG\Sem8\SE\project\game\src\main\scala\de\htwg\se\Main.scala
2023.04.19 11:32:47 WARN  no build target for: D:\Charly\HTWG\Sem8\SE\project\game\build.sbt
2023.04.19 11:34:31 INFO  Shutting down server
2023.04.19 11:34:31 INFO  shutting down Metals
2023.04.19 11:34:31 INFO  Exiting server
2023.04.19 15:39:25 INFO  Started: Metals version 0.11.11 in workspace 'D:\Charly\HTWG\Sem8\SE\project' for client Visual Studio Code 1.77.3.
SLF4J: No SLF4J providers were found.
SLF4J: Defaulting to no-operation (NOP) logger implementation
SLF4J: See https://www.slf4j.org/codes.html#noProviders for further details.
SLF4J: Class path contains SLF4J bindings targeting slf4j-api versions 1.7.x or earlier.
SLF4J: Ignoring binding found at [jar:file:/C:/Users/Sarah/AppData/Local/Coursier/cache/v1/https/repo1.maven.org/maven2/com/outr/scribe-slf4j_2.13/3.11.0/scribe-slf4j_2.13-3.11.0.jar!/org/slf4j/impl/StaticLoggerBinder.class]
SLF4J: See https://www.slf4j.org/codes.html#ignoredBindings for an explanation.
2023.04.19 15:39:26 INFO  time: initialize in 0.87s
2023.04.19 15:39:26 WARN  Build server is not auto-connectable.
2023.04.19 15:39:26 WARN  no build tool detected in workspace 'D:\Charly\HTWG\Sem8\SE\project'. The most common cause for this problem is that the editor was opened in the wrong working directory, for example if you use sbt then the workspace directory should contain build.sbt. 
2023.04.19 15:39:27 WARN  no build target for: D:\Charly\HTWG\Sem8\SE\project\game\build.sbt
2023.04.19 15:39:30 INFO  no build target found for D:\Charly\HTWG\Sem8\SE\project\game\build.sbt. Using presentation compiler with project's scala-library version: 3.2.2
2023.04.19 15:41:06 WARN  no build target for: D:\Charly\HTWG\Sem8\SE\project\game\src\main\scala\de\htwg\se\model\Guess.scala
2023.04.19 15:41:09 WARN  no build target for: D:\Charly\HTWG\Sem8\SE\project\game\src\main\scala\de\htwg\se\controller\MastermindGame.scala
2023.04.19 15:41:10 INFO  time: code lens generation in 1.02s
2023.04.19 15:41:19 WARN  no build target for: D:\Charly\HTWG\Sem8\SE\project\game\src\main\scala\de\htwg\se\Main.scala
2023.04.19 15:43:36 WARN  no build target for: D:\Charly\HTWG\Sem8\SE\project\game\src\test\scala\de\htwg\se\model\FieldSpec.scala
2023.04.19 15:43:42 WARN  no build target for: D:\Charly\HTWG\Sem8\SE\project\game\src\main\scala\de\htwg\se\basics.worksheet.sc
2023.04.19 15:43:53 WARN  no build target for: D:\Charly\HTWG\Sem8\SE\project\game\src\main\scala\de\htwg\se\model\Field.scala
2023.04.19 15:44:17 INFO  no build target found for D:\Charly\HTWG\Sem8\SE\project\game\src\main\scala\de\htwg\se\basics.worksheet.sc. Using presentation compiler with project's scala-library version: 3.2.2
2023.04.19 15:44:17 INFO  time: evaluated worksheet 'basics.worksheet.sc' in 35s
2023.04.19 15:44:27 WARN  no build target for: D:\Charly\HTWG\Sem8\SE\project\game\src\main\scala\de\htwg\se\controller\MastermindGame.scala
2023.04.19 15:44:29 WARN  no build target for: D:\Charly\HTWG\Sem8\SE\project\game\src\main\scala\de\htwg\se\view\Tui.scala
2023.04.19 15:45:57 WARN  no build target for: D:\Charly\HTWG\Sem8\SE\project\game\src\main\scala\de\htwg\se\Main.scala
2023.04.19 16:06:19 WARN  no build target for: D:\Charly\HTWG\Sem8\SE\project\game\src\main\scala\de\htwg\se\controller\MastermindGame.scala
2023.04.19 16:07:47 WARN  no build target for: D:\Charly\HTWG\Sem8\SE\project\game\src\main\scala\de\htwg\se\controller\MastermindGame.scala
2023.04.19 16:12:41 WARN  no build target for: D:\Charly\HTWG\Sem8\SE\project\game\src\main\scala\de\htwg\se\model\Field.scala
Apr 19, 2023 4:13:43 PM org.eclipse.lsp4j.jsonrpc.RemoteEndpoint handleCancellation
WARNUNG: Unmatched cancel notification for request id 379
2023.04.19 16:13:47 WARN  no build target for: D:\Charly\HTWG\Sem8\SE\project\game\src\main\scala\de\htwg\se\model\Matrix.scala
2023.04.19 16:14:37 WARN  no build target for: D:\Charly\HTWG\Sem8\SE\project\game\src\main\scala\de\htwg\se\model\Point.scala
2023.04.19 16:30:12 INFO  Shutting down server
2023.04.19 16:30:12 INFO  shutting down Metals
2023.04.19 16:30:12 INFO  Exiting server
2023.04.20 08:27:43 INFO  Started: Metals version 0.11.11 in workspace 'D:\Charly\HTWG\Sem8\SE\project' for client Visual Studio Code 1.77.3.
SLF4J: No SLF4J providers were found.
SLF4J: Defaulting to no-operation (NOP) logger implementation
SLF4J: See https://www.slf4j.org/codes.html#noProviders for further details.
SLF4J: Class path contains SLF4J bindings targeting slf4j-api versions 1.7.x or earlier.
SLF4J: Ignoring binding found at [jar:file:/C:/Users/Sarah/AppData/Local/Coursier/cache/v1/https/repo1.maven.org/maven2/com/outr/scribe-slf4j_2.13/3.11.0/scribe-slf4j_2.13-3.11.0.jar!/org/slf4j/impl/StaticLoggerBinder.class]
SLF4J: See https://www.slf4j.org/codes.html#ignoredBindings for an explanation.
2023.04.20 08:27:44 INFO  time: initialize in 0.93s
2023.04.20 08:27:44 WARN  Build server is not auto-connectable.
2023.04.20 08:27:44 WARN  no build tool detected in workspace 'D:\Charly\HTWG\Sem8\SE\project'. The most common cause for this problem is that the editor was opened in the wrong working directory, for example if you use sbt then the workspace directory should contain build.sbt. 
2023.04.20 08:27:44 WARN  no build target for: D:\Charly\HTWG\Sem8\SE\project\game\src\main\scala\de\htwg\se\model\Field.scala
2023.04.20 08:27:49 INFO  no build target found for D:\Charly\HTWG\Sem8\SE\project\game\src\main\scala\de\htwg\se\model\Field.scala. Using presentation compiler with project's scala-library version: 3.2.2
2023.04.20 08:27:55 INFO  time: code lens generation in 8.01s
2023.04.20 08:29:35 WARN  no build target for: D:\Charly\HTWG\Sem8\SE\project\game\src\main\scala\de\htwg\se\controller\MastermindGame.scala
2023.04.20 08:30:02 WARN  no build target for: D:\Charly\HTWG\Sem8\SE\project\game\src\main\scala\de\htwg\se\controller\MastermindGame.scala
2023.04.20 08:30:30 WARN  no build target for: D:\Charly\HTWG\Sem8\SE\project\game\src\main\scala\de\htwg\se\controller\MastermindGame.scala
2023.04.20 08:33:18 WARN  no build target for: D:\Charly\HTWG\Sem8\SE\project\game\src\main\scala\de\htwg\se\model\Field.scala
2023.04.20 08:34:46 WARN  no build target for: D:\Charly\HTWG\Sem8\SE\project\game\src\main\scala\de\htwg\se\controller\MastermindGame.scala
Apr 20, 2023 8:38:08 AM org.eclipse.lsp4j.jsonrpc.RemoteEndpoint handleCancellation
WARNUNG: Unmatched cancel notification for request id 134
2023.04.20 08:39:06 WARN  no build target for: D:\Charly\HTWG\Sem8\SE\project\game\src\main\scala\de\htwg\se\controller\MastermindGame.scala
2023.04.20 08:39:54 WARN  no build target for: D:\Charly\HTWG\Sem8\SE\project\game\src\main\scala\de\htwg\se\model\Point.scala
2023.04.20 08:40:06 WARN  no build target for: D:\Charly\HTWG\Sem8\SE\project\game\src\main\scala\de\htwg\se\Main.scala
2023.04.20 08:40:08 WARN  no build target for: D:\Charly\HTWG\Sem8\SE\project\game\src\main\scala\de\htwg\se\model\Guess.scala
2023.04.20 08:40:09 WARN  no build target for: D:\Charly\HTWG\Sem8\SE\project\game\src\main\scala\de\htwg\se\view\Tui.scala
2023.04.20 08:40:14 WARN  no build target for: D:\Charly\HTWG\Sem8\SE\project\game\src\main\scala\de\htwg\se\model\Matrix.scala
2023.04.20 08:50:26 WARN  no build target for: D:\Charly\HTWG\Sem8\SE\project\game\src\main\scala\de\htwg\se\model\Guess.scala
2023.04.20 08:51:21 WARN  no build target for: D:\Charly\HTWG\Sem8\SE\project\game\src\main\scala\de\htwg\se\Main.scala
Exception in thread "pool-3-thread-1" java.lang.Error: java.lang.InterruptedException
	at java.util.concurrent.ThreadPoolExecutor.runWorker(ThreadPoolExecutor.java:1155)
	at java.util.concurrent.ThreadPoolExecutor$Worker.run(ThreadPoolExecutor.java:624)
	at java.lang.Thread.run(Thread.java:748)
Caused by: java.lang.InterruptedException
	at scala.meta.internal.metals.FutureCancelToken.checkCanceled(FutureCancelToken.scala:29)
	at scala.meta.internal.pc.CompilerAccess.onCompilerJobQueue$$anonfun$1(CompilerAccess.scala:195)
	at scala.meta.internal.pc.CompilerJobQueue$Job.run(CompilerJobQueue.scala:152)
	at java.util.concurrent.ThreadPoolExecutor.runWorker(ThreadPoolExecutor.java:1149)
	... 2 more
2023.04.20 08:51:36 WARN  no build target for: D:\Charly\HTWG\Sem8\SE\project\game\src\main\scala\de\htwg\se\model\Matrix.scala
Apr 20, 2023 8:54:53 AM org.eclipse.lsp4j.jsonrpc.RemoteEndpoint handleCancellation
WARNUNG: Unmatched cancel notification for request id 444
2023.04.20 08:54:58 WARN  no build target for: D:\Charly\HTWG\Sem8\SE\project\game\src\main\scala\de\htwg\se\model\Field.scala
Apr 20, 2023 8:58:05 AM org.eclipse.lsp4j.jsonrpc.RemoteEndpoint handleCancellation
WARNUNG: Unmatched cancel notification for request id 479
2023.04.20 08:58:16 WARN  no build target for: D:\Charly\HTWG\Sem8\SE\project\game\src\main\scala\de\htwg\se\model\Field.scala
2023.04.20 08:59:17 WARN  no build target for: D:\Charly\HTWG\Sem8\SE\project\game\src\main\scala\de\htwg\se\view\Tui.scala
2023.04.20 09:00:22 WARN  no build target for: D:\Charly\HTWG\Sem8\SE\project\game\src\main\scala\de\htwg\se\model\Point.scala
2023.04.20 09:01:57 WARN  no build target for: D:\Charly\HTWG\Sem8\SE\project\game\src\main\scala\de\htwg\se\model\Matrix.scala
Exception in thread "pool-3-thread-2" java.lang.Error: java.lang.InterruptedException
	at java.util.concurrent.ThreadPoolExecutor.runWorker(ThreadPoolExecutor.java:1155)
	at java.util.concurrent.ThreadPoolExecutor$Worker.run(ThreadPoolExecutor.java:624)
	at java.lang.Thread.run(Thread.java:748)
Caused by: java.lang.InterruptedException
	at scala.meta.internal.metals.FutureCancelToken.checkCanceled(FutureCancelToken.scala:29)
	at scala.meta.internal.pc.CompilerAccess.onCompilerJobQueue$$anonfun$1(CompilerAccess.scala:195)
	at scala.meta.internal.pc.CompilerJobQueue$Job.run(CompilerJobQueue.scala:152)
	at java.util.concurrent.ThreadPoolExecutor.runWorker(ThreadPoolExecutor.java:1149)
	... 2 more
2023.04.20 09:02:15 WARN  no build target for: D:\Charly\HTWG\Sem8\SE\project\game\src\main\scala\de\htwg\se\model\Field.scala
2023.04.20 09:22:48 WARN  no build target for: D:\Charly\HTWG\Sem8\SE\project\game\src\main\scala\de\htwg\se\controller\MastermindGame.scala
Apr 20, 2023 9:23:23 AM org.eclipse.lsp4j.jsonrpc.RemoteEndpoint handleCancellation
WARNUNG: Unmatched cancel notification for request id 731
2023.04.20 09:23:28 WARN  no build target for: D:\Charly\HTWG\Sem8\SE\project\game\src\main\scala\de\htwg\se\controller\MastermindGame.scala
2023.04.20 09:24:20 WARN  no build target for: D:\Charly\HTWG\Sem8\SE\project\game\src\main\scala\de\htwg\se\model\Matrix.scala
2023.04.20 09:24:24 WARN  no build target for: D:\Charly\HTWG\Sem8\SE\project\game\src\main\scala\de\htwg\se\model\Matrix.scala
2023.04.20 09:24:55 WARN  no build target for: D:\Charly\HTWG\Sem8\SE\project\game\src\main\scala\de\htwg\se\model\Field.scala
2023.04.20 09:25:26 WARN  no build target for: D:\Charly\HTWG\Sem8\SE\project\game\src\main\scala\de\htwg\se\model\Field.scala
2023.04.20 09:29:10 WARN  no build target for: D:\Charly\HTWG\Sem8\SE\project\game\src\main\scala\de\htwg\se\model\Field.scala
2023.04.20 09:30:47 WARN  no build target for: D:\Charly\HTWG\Sem8\SE\project\game\src\main\scala\de\htwg\se\model\Matrix.scala
2023.04.20 09:30:52 WARN  no build target for: D:\Charly\HTWG\Sem8\SE\project\game\src\main\scala\de\htwg\se\model\Matrix.scala
2023.04.20 09:31:39 WARN  no build target for: D:\Charly\HTWG\Sem8\SE\project\game\src\main\scala\de\htwg\se\model\Matrix.scala
2023.04.20 09:31:44 WARN  no build target for: D:\Charly\HTWG\Sem8\SE\project\game\src\main\scala\de\htwg\se\model\Matrix.scala
2023.04.20 09:32:31 WARN  no build target for: D:\Charly\HTWG\Sem8\SE\project\game\src\main\scala\de\htwg\se\model\Matrix.scala
2023.04.20 09:38:08 WARN  no build target for: D:\Charly\HTWG\Sem8\SE\project\game\src\main\scala\de\htwg\se\model\Color.scala
2023.04.20 09:38:10 WARN  no build target for: D:\Charly\HTWG\Sem8\SE\project\game\src\main\scala\de\htwg\se\model\Point.scala
2023.04.20 09:38:49 WARN  no build target for: D:\Charly\HTWG\Sem8\SE\project\game\src\main\scala\de\htwg\se\model\Color.scala
2023.04.20 09:39:07 WARN  no build target for: D:\Charly\HTWG\Sem8\SE\project\game\src\main\scala\de\htwg\se\model\Field.scala
2023.04.20 09:39:10 WARN  no build target for: D:\Charly\HTWG\Sem8\SE\project\game\src\main\scala\de\htwg\se\model\Matrix.scala
2023.04.20 10:06:22 WARN  no build target for: D:\Charly\HTWG\Sem8\SE\project\game\src\main\scala\de\htwg\se\model\Point.scala
2023.04.20 10:20:55 WARN  no build target for: D:\Charly\HTWG\Sem8\SE\project\game\src\main\scala\de\htwg\se\controller\MastermindGame.scala
2023.04.20 10:22:33 WARN  Using indexes to guess the definition of matrix
2023.04.20 10:22:34 WARN  Using indexes to guess the definition of matrix
2023.04.20 10:23:14 WARN  no build target for: D:\Charly\HTWG\Sem8\SE\project\game\src\main\scala\de\htwg\se\controller\MastermindGame.scala
2023.04.20 10:24:43 WARN  no build target for: D:\Charly\HTWG\Sem8\SE\project\game\src\main\scala\de\htwg\se\model\Matrix.scala
2023.04.20 10:37:29 WARN  no build target for: D:\Charly\HTWG\Sem8\SE\project\game\src\main\scala\de\htwg\se\model\Guess.scala
2023.04.20 10:51:28 INFO  Shutting down server
2023.04.20 10:51:28 INFO  shutting down Metals
2023.04.20 10:51:28 INFO  Exiting server
2023.04.20 16:31:12 INFO  Started: Metals version 0.11.11 in workspace 'D:\Charly\HTWG\Sem8\SE\project' for client Visual Studio Code 1.77.3.
SLF4J: No SLF4J providers were found.
SLF4J: Defaulting to no-operation (NOP) logger implementation
SLF4J: See https://www.slf4j.org/codes.html#noProviders for further details.
SLF4J: Class path contains SLF4J bindings targeting slf4j-api versions 1.7.x or earlier.
SLF4J: Ignoring binding found at [jar:file:/C:/Users/Sarah/AppData/Local/Coursier/cache/v1/https/repo1.maven.org/maven2/com/outr/scribe-slf4j_2.13/3.11.0/scribe-slf4j_2.13-3.11.0.jar!/org/slf4j/impl/StaticLoggerBinder.class]
SLF4J: See https://www.slf4j.org/codes.html#ignoredBindings for an explanation.
2023.04.20 16:31:12 INFO  time: initialize in 0.69s
2023.04.20 16:31:13 WARN  Build server is not auto-connectable.
2023.04.20 16:31:13 WARN  no build tool detected in workspace 'D:\Charly\HTWG\Sem8\SE\project'. The most common cause for this problem is that the editor was opened in the wrong working directory, for example if you use sbt then the workspace directory should contain build.sbt. 
2023.04.20 16:31:13 WARN  no build target for: D:\Charly\HTWG\Sem8\SE\project\game\src\main\scala\de\htwg\se\model\Matrix.scala
2023.04.20 16:31:17 INFO  no build target found for D:\Charly\HTWG\Sem8\SE\project\game\src\main\scala\de\htwg\se\model\Matrix.scala. Using presentation compiler with project's scala-library version: 3.2.2
2023.04.20 16:34:02 WARN  no build target for: D:\Charly\HTWG\Sem8\SE\project\game\src\main\scala\de\htwg\se\Main.scala
2023.04.20 16:34:07 WARN  no build target for: D:\Charly\HTWG\Sem8\SE\project\game\src\main\scala\de\htwg\se\controller\MastermindGame.scala
2023.04.20 16:34:44 WARN  no build target for: D:\Charly\HTWG\Sem8\SE\project\game\src\main\scala\de\htwg\se\model\Guess.scala
2023.04.20 16:34:51 WARN  no build target for: D:\Charly\HTWG\Sem8\SE\project\game\src\main\scala\de\htwg\se\model\Point.scala
2023.04.20 16:37:06 WARN  no build target for: D:\Charly\HTWG\Sem8\SE\project\game\src\main\scala\de\htwg\se\controller\MastermindGame.scala
2023.04.20 16:39:44 WARN  no build target for: D:\Charly\HTWG\Sem8\SE\project\game\src\main\scala\de\htwg\se\controller\MastermindGame.scala
2023.04.20 16:49:33 WARN  no build target for: D:\Charly\HTWG\Sem8\SE\project\game\src\main\scala\de\htwg\se\controller\MastermindGame.scala
2023.04.20 16:54:08 WARN  no build target for: D:\Charly\HTWG\Sem8\SE\project\game\src\main\scala\de\htwg\se\model\Point.scala
2023.04.20 16:54:14 WARN  no build target for: D:\Charly\HTWG\Sem8\SE\project\game\src\main\scala\de\htwg\se\controller\MastermindGame.scala
2023.04.20 16:59:36 WARN  no build target for: D:\Charly\HTWG\Sem8\SE\project\game\src\main\scala\de\htwg\se\model\Point.scala
2023.04.20 17:02:24 WARN  no build target for: D:\Charly\HTWG\Sem8\SE\project\game\src\main\scala\de\htwg\se\model\Point.scala
2023.04.20 17:03:20 WARN  no build target for: D:\Charly\HTWG\Sem8\SE\project\game\src\main\scala\de\htwg\se\model\Point.scala
2023.04.20 17:04:45 WARN  no build target for: D:\Charly\HTWG\Sem8\SE\project\game\src\main\scala\de\htwg\se\model\Point.scala
2023.04.20 17:04:57 WARN  no build target for: D:\Charly\HTWG\Sem8\SE\project\game\src\main\scala\de\htwg\se\model\Point.scala
2023.04.20 17:06:40 WARN  no build target for: D:\Charly\HTWG\Sem8\SE\project\game\src\main\scala\de\htwg\se\model\Point.scala
2023.04.20 17:50:06 WARN  no build target for: D:\Charly\HTWG\Sem8\SE\project\game\src\main\scala\de\htwg\se\model\Point.scala
2023.04.20 17:50:10 WARN  no build target for: D:\Charly\HTWG\Sem8\SE\project\game\src\main\scala\de\htwg\se\controller\MastermindGame.scala
2023.04.20 17:54:05 WARN  no build target for: D:\Charly\HTWG\Sem8\SE\project\game\src\main\scala\de\htwg\se\controller\MastermindGame.scala
2023.04.20 17:59:08 WARN  no build target for: D:\Charly\HTWG\Sem8\SE\project\game\src\main\scala\de\htwg\se\model\Field.scala
Apr 20, 2023 5:59:12 PM org.eclipse.lsp4j.jsonrpc.RemoteEndpoint handleCancellation
WARNUNG: Unmatched cancel notification for request id 633
2023.04.20 18:00:45 WARN  no build target for: D:\Charly\HTWG\Sem8\SE\project\game\src\main\scala\de\htwg\se\view\Tui.scala
2023.04.20 18:07:10 WARN  no build target for: D:\Charly\HTWG\Sem8\SE\project\game\src\main\scala\de\htwg\se\controller\MastermindGame.scala
2023.04.20 18:20:04 WARN  no build target for: D:\Charly\HTWG\Sem8\SE\project\game\src\main\scala\de\htwg\se\model\Color.scala
Apr 20, 2023 6:20:24 PM org.eclipse.lsp4j.jsonrpc.RemoteEndpoint handleCancellation
WARNUNG: Unmatched cancel notification for request id 819
2023.04.20 18:26:59 WARN  no build target for: D:\Charly\HTWG\Sem8\SE\project\game\src\main\scala\de\htwg\se\model\Matrix.scala
2023.04.20 18:27:00 WARN  no build target for: D:\Charly\HTWG\Sem8\SE\project\game\src\main\scala\de\htwg\se\model\Matrix.scala
2023.04.20 18:27:17 WARN  no build target for: D:\Charly\HTWG\Sem8\SE\project\game\src\main\scala\de\htwg\se\model\Color.scala
Apr 20, 2023 6:38:59 PM org.eclipse.lsp4j.jsonrpc.RemoteEndpoint handleCancellation
WARNUNG: Unmatched cancel notification for request id 983
2023.04.20 18:39:11 WARN  no build target for: D:\Charly\HTWG\Sem8\SE\project\game\src\main\scala\de\htwg\se\model\Field.scala
2023.04.20 18:39:47 WARN  no build target for: D:\Charly\HTWG\Sem8\SE\project\game\src\main\scala\de\htwg\se\model\Matrix.scala
Apr 20, 2023 6:40:46 PM org.eclipse.lsp4j.jsonrpc.RemoteEndpoint handleCancellation
WARNUNG: Unmatched cancel notification for request id 1051
2023.04.20 18:40:46 WARN  Using indexes to guess the definition of Matrix
2023.04.20 18:40:51 WARN  no build target for: D:\Charly\HTWG\Sem8\SE\project\game\src\main\scala\de\htwg\se\model\Matrix.scala
2023.04.20 18:43:08 WARN  no build target for: D:\Charly\HTWG\Sem8\SE\project\game\src\main\scala\de\htwg\se\model\Matrix.scala
2023.04.20 19:49:03 INFO  Shutting down server
2023.04.20 19:49:03 INFO  shutting down Metals
2023.04.20 19:49:03 INFO  Exiting server
2023.04.27 08:01:54 INFO  Started: Metals version 0.11.11 in workspace 'D:\Charly\HTWG\Sem8\SE\project' for client Visual Studio Code 1.77.3.
SLF4J: No SLF4J providers were found.
SLF4J: Defaulting to no-operation (NOP) logger implementation
SLF4J: See https://www.slf4j.org/codes.html#noProviders for further details.
SLF4J: Class path contains SLF4J bindings targeting slf4j-api versions 1.7.x or earlier.
SLF4J: Ignoring binding found at [jar:file:/C:/Users/Sarah/AppData/Local/Coursier/cache/v1/https/repo1.maven.org/maven2/com/outr/scribe-slf4j_2.13/3.11.0/scribe-slf4j_2.13-3.11.0.jar!/org/slf4j/impl/StaticLoggerBinder.class]
SLF4J: See https://www.slf4j.org/codes.html#ignoredBindings for an explanation.
2023.04.27 08:01:55 INFO  time: initialize in 1.19s
2023.04.27 08:01:57 WARN  Build server is not auto-connectable.
2023.04.27 08:01:57 WARN  no build tool detected in workspace 'D:\Charly\HTWG\Sem8\SE\project'. The most common cause for this problem is that the editor was opened in the wrong working directory, for example if you use sbt then the workspace directory should contain build.sbt. 
2023.04.27 08:01:57 WARN  no build target for: D:\Charly\HTWG\Sem8\SE\project\game\src\main\scala\de\htwg\se\model\Matrix.scala
2023.04.27 08:02:03 INFO  no build target found for D:\Charly\HTWG\Sem8\SE\project\game\src\main\scala\de\htwg\se\model\Matrix.scala. Using presentation compiler with project's scala-library version: 3.2.2
2023.04.27 08:02:07 INFO  time: code lens generation in 10s
2023.04.27 08:04:10 WARN  no build target for: D:\Charly\HTWG\Sem8\SE\project\game\src\main\scala\de\htwg\se\controller\MastermindGame.scala
2023.04.27 08:05:05 WARN  no build target for: D:\Charly\HTWG\Sem8\SE\project\game\src\main\scala\de\htwg\se\model\Field.scala
2023.04.27 08:06:37 WARN  no build target for: D:\Charly\HTWG\Sem8\SE\project\game\src\main\scala\de\htwg\se\controller\MastermindGame.scala
2023.04.27 08:07:07 WARN  no build target for: D:\Charly\HTWG\Sem8\SE\project\game\src\main\scala\de\htwg\se\view\Tui.scala
2023.04.27 12:30:31 INFO  Shutting down server
2023.04.27 12:30:31 INFO  shutting down Metals
2023.04.27 12:30:31 INFO  Exiting server
2023.04.27 12:46:21 INFO  Started: Metals version 0.11.12 in workspace 'D:\Charly\HTWG\Sem8\SE\project' for client Visual Studio Code 1.77.3.
Apr 27, 2023 12:46:21 PM org.flywaydb.core.internal.license.VersionPrinter printVersionOnly
INFORMATION: Flyway Community Edition 9.16.3 by Redgate
Apr 27, 2023 12:46:21 PM org.flywaydb.core.internal.license.VersionPrinter printVersion
INFORMATION: See release notes here: https://rd.gt/416ObMi
Apr 27, 2023 12:46:21 PM org.flywaydb.core.internal.license.VersionPrinter printVersion
INFORMATION: 
Apr 27, 2023 12:46:22 PM org.flywaydb.core.internal.database.base.BaseDatabaseType createDatabase
INFORMATION: Database: jdbc:h2:file:D:\Charly\HTWG\Sem8\SE\project\.metals\metals (H2 2.1)
Apr 27, 2023 12:46:22 PM org.flywaydb.core.internal.command.DbValidate validate
INFORMATION: Successfully validated 4 migrations (execution time 00:00.027s)
Apr 27, 2023 12:46:22 PM org.flywaydb.core.internal.command.DbMigrate migrateGroup
INFORMATION: Current version of schema "PUBLIC": 4
Apr 27, 2023 12:46:22 PM org.flywaydb.core.internal.command.DbMigrate logSummary
INFORMATION: Schema "PUBLIC" is up to date. No migration necessary.
2023.04.27 12:46:22 INFO  time: initialize in 0.65s
Apr 27, 2023 12:46:23 PM org.eclipse.lsp4j.jsonrpc.RemoteEndpoint handleCancellation
WARNUNG: Unmatched cancel notification for request id 1
2023.04.27 12:46:23 WARN  Build server is not auto-connectable.
2023.04.27 12:46:23 WARN  no build tool detected in workspace 'D:\Charly\HTWG\Sem8\SE\project'. The most common cause for this problem is that the editor was opened in the wrong working directory, for example if you use sbt then the workspace directory should contain build.sbt. 
2023.04.27 12:46:23 WARN  no build target for: D:\Charly\HTWG\Sem8\SE\project\game\src\main\scala\de\htwg\se\view\Tui.scala
2023.04.27 12:46:26 INFO  no build target found for D:\Charly\HTWG\Sem8\SE\project\game\src\main\scala\de\htwg\se\view\Tui.scala. Using presentation compiler with project's scala-library version: 3.2.2
2023.04.27 12:46:30 INFO  time: code lens generation in 6.55s
2023.04.27 12:47:02 WARN  no build target for: D:\Charly\HTWG\Sem8\SE\project\game\src\main\scala\de\htwg\se\model\Matrix.scala
2023.04.27 12:47:04 WARN  no build target for: D:\Charly\HTWG\Sem8\SE\project\game\src\main\scala\de\htwg\se\model\Field.scala
2023.04.27 12:47:17 WARN  no build target for: D:\Charly\HTWG\Sem8\SE\project\game\src\main\scala\de\htwg\se\model\Guess.scala
2023.04.27 12:47:24 WARN  no build target for: D:\Charly\HTWG\Sem8\SE\project\game\src\main\scala\de\htwg\se\controller\MastermindGame.scala
2023.04.27 13:08:31 INFO  Shutting down server
2023.04.27 13:08:31 INFO  shutting down Metals
2023.04.27 13:08:31 INFO  Exiting server
2023.04.27 13:09:22 INFO  Started: Metals version 0.11.12 in workspace 'D:\Charly\HTWG\Sem8\SE\project' for client Visual Studio Code 1.77.3.
Apr 27, 2023 1:09:23 PM org.flywaydb.core.internal.license.VersionPrinter printVersionOnly
INFORMATION: Flyway Community Edition 9.16.3 by Redgate
Apr 27, 2023 1:09:23 PM org.flywaydb.core.internal.license.VersionPrinter printVersion
INFORMATION: See release notes here: https://rd.gt/416ObMi
Apr 27, 2023 1:09:23 PM org.flywaydb.core.internal.license.VersionPrinter printVersion
INFORMATION: 
Apr 27, 2023 1:09:26 PM org.flywaydb.core.internal.database.base.BaseDatabaseType createDatabase
INFORMATION: Database: jdbc:h2:file:D:\Charly\HTWG\Sem8\SE\project\.metals\metals (H2 2.1)
Apr 27, 2023 1:09:26 PM org.flywaydb.core.internal.command.DbValidate validate
INFORMATION: Successfully validated 4 migrations (execution time 00:00.048s)
Apr 27, 2023 1:09:26 PM org.flywaydb.core.internal.command.DbMigrate migrateGroup
INFORMATION: Current version of schema "PUBLIC": 4
Apr 27, 2023 1:09:26 PM org.flywaydb.core.internal.command.DbMigrate logSummary
INFORMATION: Schema "PUBLIC" is up to date. No migration necessary.
2023.04.27 13:09:26 INFO  time: initialize in 3.87s
2023.04.27 13:09:27 WARN  Build server is not auto-connectable.
2023.04.27 13:09:27 WARN  no build tool detected in workspace 'D:\Charly\HTWG\Sem8\SE\project'. The most common cause for this problem is that the editor was opened in the wrong working directory, for example if you use sbt then the workspace directory should contain build.sbt. 
2023.04.27 13:09:28 WARN  no build target for: D:\Charly\HTWG\Sem8\SE\project\game\src\main\scala\de\htwg\se\aview\TUI.scala
2023.04.27 13:09:28 WARN  no build target for: D:\Charly\HTWG\Sem8\SE\project\game\src\main\scala\de\htwg\se\model\Field.scala
2023.04.27 13:09:36 INFO  no build target found for D:\Charly\HTWG\Sem8\SE\project\game\src\main\scala\de\htwg\se\aview\TUI.scala. Using presentation compiler with project's scala-library version: 3.2.2
2023.04.27 13:09:43 INFO  time: code lens generation in 10s
2023.04.27 13:14:52 WARN  no build target for: D:\Charly\HTWG\Sem8\SE\project\game\src\main\scala\de\htwg\se\aview\TUI.scala
2023.04.27 13:15:53 WARN  no build target for: D:\Charly\HTWG\Sem8\SE\project\game\src\main\scala\de\htwg\se\controler\Controller.scala
2023.04.27 13:16:56 WARN  no build target for: D:\Charly\HTWG\Sem8\SE\project\game\src\main\scala\de\htwg\se\Main.scala
2023.04.27 13:21:33 WARN  no build target for: D:\Charly\HTWG\Sem8\SE\project\game\src\main\scala\de\htwg\se\aview\TUI.scala
Apr 27, 2023 1:23:11 PM scala.meta.internal.pc.CompilerAccess handleError
SCHWERWIEGEND: NoDenotation.owner
java.lang.AssertionError: NoDenotation.owner
	at dotty.tools.dotc.core.SymDenotations$NoDenotation$.owner(SymDenotations.scala:2511)
	at scala.meta.internal.pc.MetalsInteractive$.enclosingSymbolsWithExpressionType(MetalsInteractive.scala:261)
	at scala.meta.internal.pc.HoverProvider$.hover(HoverProvider.scala:98)

Apr 27, 2023 1:23:12 PM scala.meta.internal.pc.CompilerAccess handleError
SCHWERWIEGEND: NoDenotation.owner
java.lang.AssertionError: NoDenotation.owner
	at dotty.tools.dotc.core.SymDenotations$NoDenotation$.owner(SymDenotations.scala:2511)
	at scala.meta.internal.pc.MetalsInteractive$.enclosingSymbolsWithExpressionType(MetalsInteractive.scala:261)
	at scala.meta.internal.pc.HoverProvider$.hover(HoverProvider.scala:98)

2023.04.27 13:26:54 WARN  no build target for: D:\Charly\HTWG\Sem8\SE\project\game\src\main\scala\de\htwg\se\aview\TUI.scala
2023.04.27 13:28:04 INFO  Shutting down server
2023.04.27 13:28:04 INFO  shutting down Metals
2023.04.27 13:28:04 INFO  Exiting server
2023.04.30 14:10:37 INFO  Started: Metals version 0.11.12 in workspace 'D:\Charly\HTWG\Sem8\SE\project' for client Visual Studio Code 1.77.3.
Apr 30, 2023 2:10:38 PM org.flywaydb.core.internal.license.VersionPrinter printVersionOnly
INFORMATION: Flyway Community Edition 9.16.3 by Redgate
Apr 30, 2023 2:10:38 PM org.flywaydb.core.internal.license.VersionPrinter printVersion
INFORMATION: See release notes here: https://rd.gt/416ObMi
Apr 30, 2023 2:10:38 PM org.flywaydb.core.internal.license.VersionPrinter printVersion
INFORMATION: 
Apr 30, 2023 2:10:38 PM org.flywaydb.core.internal.database.base.BaseDatabaseType createDatabase
INFORMATION: Database: jdbc:h2:file:D:\Charly\HTWG\Sem8\SE\project\.metals\metals (H2 2.1)
Apr 30, 2023 2:10:38 PM org.flywaydb.core.internal.command.DbValidate validate
INFORMATION: Successfully validated 4 migrations (execution time 00:00.061s)
Apr 30, 2023 2:10:38 PM org.flywaydb.core.internal.command.DbMigrate migrateGroup
INFORMATION: Current version of schema "PUBLIC": 4
Apr 30, 2023 2:10:38 PM org.flywaydb.core.internal.command.DbMigrate logSummary
INFORMATION: Schema "PUBLIC" is up to date. No migration necessary.
2023.04.30 14:10:38 INFO  time: initialize in 1.04s
2023.04.30 14:10:40 WARN  Build server is not auto-connectable.
2023.04.30 14:10:40 WARN  no build tool detected in workspace 'D:\Charly\HTWG\Sem8\SE\project'. The most common cause for this problem is that the editor was opened in the wrong working directory, for example if you use sbt then the workspace directory should contain build.sbt. 
2023.04.30 14:10:40 WARN  no build target for: D:\Charly\HTWG\Sem8\SE\project\game\src\main\scala\de\htwg\se\aview\TUI.scala
2023.04.30 14:10:45 INFO  no build target found for D:\Charly\HTWG\Sem8\SE\project\game\src\main\scala\de\htwg\se\aview\TUI.scala. Using presentation compiler with project's scala-library version: 3.2.2
2023.04.30 14:10:49 INFO  time: code lens generation in 9.46s
2023.04.30 14:35:01 INFO  Shutting down server
2023.04.30 14:35:01 INFO  shutting down Metals
2023.04.30 14:35:01 INFO  Exiting server
2023.05.25 08:35:33 INFO  Started: Metals version 0.11.12 in workspace 'D:\Charly\HTWG\Sem8\SE\project' for client Visual Studio Code 1.78.2.
Mai 25, 2023 8:35:33 AM org.flywaydb.core.internal.license.VersionPrinter printVersionOnly
INFORMATION: Flyway Community Edition 9.16.3 by Redgate
Mai 25, 2023 8:35:33 AM org.flywaydb.core.internal.license.VersionPrinter printVersion
INFORMATION: See release notes here: https://rd.gt/416ObMi
Mai 25, 2023 8:35:33 AM org.flywaydb.core.internal.license.VersionPrinter printVersion
INFORMATION: 
Mai 25, 2023 8:35:34 AM org.flywaydb.core.internal.database.base.BaseDatabaseType createDatabase
INFORMATION: Database: jdbc:h2:file:D:\Charly\HTWG\Sem8\SE\project\.metals\metals (H2 2.1)
Mai 25, 2023 8:35:34 AM org.flywaydb.core.internal.command.DbValidate validate
INFORMATION: Successfully validated 4 migrations (execution time 00:00.042s)
Mai 25, 2023 8:35:34 AM org.flywaydb.core.internal.command.DbMigrate migrateGroup
INFORMATION: Current version of schema "PUBLIC": 4
Mai 25, 2023 8:35:34 AM org.flywaydb.core.internal.command.DbMigrate logSummary
INFORMATION: Schema "PUBLIC" is up to date. No migration necessary.
2023.05.25 08:35:34 INFO  time: initialize in 0.85s
2023.05.25 08:35:35 WARN  Build server is not auto-connectable.
2023.05.25 08:35:35 WARN  no build tool detected in workspace 'D:\Charly\HTWG\Sem8\SE\project'. The most common cause for this problem is that the editor was opened in the wrong working directory, for example if you use sbt then the workspace directory should contain build.sbt. 
2023.05.25 08:35:36 WARN  no build target for: D:\Charly\HTWG\Sem8\SE\project\game\src\main\scala\de\htwg\se\aview\TUI.scala
2023.05.25 08:35:40 INFO  no build target found for D:\Charly\HTWG\Sem8\SE\project\game\src\main\scala\de\htwg\se\aview\TUI.scala. Using presentation compiler with project's scala-library version: 3.2.2
2023.05.25 08:35:45 INFO  time: code lens generation in 9.48s
2023.05.25 08:38:07 WARN  no build target for: D:\Charly\HTWG\Sem8\SE\project\game\src\main\scala\de\htwg\se\model\Field.scala
2023.05.25 08:38:10 WARN  no build target for: D:\Charly\HTWG\Sem8\SE\project\game\src\main\scala\de\htwg\se\Main.scala
2023.05.25 10:02:45 WARN  no build target for: D:\Charly\HTWG\Sem8\SE\project\game\build.sbt
